2021-05-19 20:35:26.356  INFO 22064 --- [main] lavalink.server.Launcher                 : 

[32m       .  [31m _                  _ _       _    [32m__ _ _
[32m      /\\ [31m| | __ ___   ____ _| (_)_ __ | | __[32m\ \ \ \
[32m     ( ( )[31m| |/ _` \ \ / / _` | | | '_ \| |/ /[32m \ \ \ \
[32m      \\/ [31m| | (_| |\ V / (_| | | | | | |   < [32m  ) ) ) )
[32m       '  [31m|_|\__,_| \_/ \__,_|_|_|_| |_|_|\_\[32m / / / /
[0m    =========================================[32m/_/_/_/[0m

	Version:        3.3.2.5
	Build:          1222
	Build time:     11.04.2021 08:07:27 UTC
	Branch          master
	Commit:         7b914f2
	Commit time:    09.04.2021 17:14:27 UTC
	JVM:            15.0.2
	Lavaplayer      1.3.76

2021-05-19 20:35:26.374  INFO 22064 --- [main] o.s.boot.SpringApplication               : 
  .   ____          _            __ _ _
 /\\ / ___'_ __ _ _(_)_ __  __ _ \ \ \ \
( ( )\___ | '_ | '_| | '_ \/ _` | \ \ \ \
 \\/  ___)| |_)| | | | | || (_| |  ) ) ) )
  '  |____| .__|_| |_|_| |_\__, | / / / /
 =========|_|==============|___/=/_/_/_/
 :: Spring Boot ::        (v2.1.8.RELEASE)


2021-05-19 20:35:26.423  INFO 22064 --- [main] lavalink.server.Launcher                 : Starting Launcher on Andy-Gaming with PID 22064 (C:\Users\andy\Desktop\test\lavalink\Lavalink.jar started by andy in C:\Users\andy\Desktop\test\lavalink)
2021-05-19 20:35:26.424  INFO 22064 --- [main] lavalink.server.Launcher                 : No active profile set, falling back to default profiles: default
2021-05-19 20:35:26.458  WARN 22064 --- [background-preinit] o.s.h.c.j.Jackson2ObjectMapperBuilder    : For Jackson Kotlin classes support please add "com.fasterxml.jackson.module:jackson-module-kotlin" to the classpath
2021-05-19 20:35:27.076  WARN 22064 --- [main] io.undertow.websockets.jsr               : UT026010: Buffer pool was not set on WebSocketDeploymentInfo, the default pool will be used
2021-05-19 20:35:27.092  INFO 22064 --- [main] io.undertow.servlet                      : Initializing Spring embedded WebApplicationContext
2021-05-19 20:35:27.092  INFO 22064 --- [main] o.s.web.context.ContextLoader            : Root WebApplicationContext: initialization completed in 643 ms
2021-05-19 20:35:27.281  WARN 22064 --- [main] l.server.config.SentryConfiguration      : Turning off sentry
2021-05-19 20:35:27.454  INFO 22064 --- [main] c.s.d.l.tools.GarbageCollectionMonitor   : GC monitoring enabled, reporting results every 2 minutes.
2021-05-19 20:35:27.604  INFO 22064 --- [main] lavalink.server.config.KoeConfiguration  : OS: Windows 10, Arch: amd64
2021-05-19 20:35:27.604  WARN 22064 --- [main] lavalink.server.config.KoeConfiguration  : This system and architecture appears to not support native audio sending! GC pauses may cause your bot to stutter during playback.
2021-05-19 20:35:27.736  INFO 22064 --- [main] o.s.s.concurrent.ThreadPoolTaskExecutor  : Initializing ExecutorService 'applicationTaskExecutor'
2021-05-19 20:35:27.905  INFO 22064 --- [main] org.xnio                                 : XNIO version 3.3.8.Final
2021-05-19 20:35:27.912  INFO 22064 --- [main] org.xnio.nio                             : XNIO NIO Implementation Version 3.3.8.Final
2021-05-19 20:35:27.959  INFO 22064 --- [main] o.s.b.w.e.u.UndertowServletWebServer     : Undertow started on port(s) 2333 (http) with context path ''
2021-05-19 20:35:27.963  INFO 22064 --- [main] lavalink.server.Launcher                 : Started Launcher in 1.836 seconds (JVM running for 2.072)
2021-05-19 20:35:27.964  INFO 22064 --- [main] lavalink.server.Launcher                 : You can safely ignore the big red warning about illegal reflection. See https://github.com/Frederikam/Lavalink/issues/295
2021-05-19 20:36:00.445  INFO 22064 --- [XNIO-1 task-1] io.undertow.servlet                      : Initializing Spring DispatcherServlet 'dispatcherServlet'
2021-05-19 20:36:00.446  INFO 22064 --- [XNIO-1 task-1] o.s.web.servlet.DispatcherServlet        : Initializing Servlet 'dispatcherServlet'
2021-05-19 20:36:00.450  INFO 22064 --- [XNIO-1 task-1] o.s.web.servlet.DispatcherServlet        : Completed initialization in 3 ms
2021-05-19 20:36:00.463  INFO 22064 --- [XNIO-1 task-1] l.server.io.HandshakeInterceptorImpl     : Incoming connection from /127.0.0.1:55830
2021-05-19 20:36:00.496  INFO 22064 --- [XNIO-1 task-1] lavalink.server.io.SocketServer          : Connection successfully established from /127.0.0.1:55830
2021-05-19 20:36:00.506  INFO 22064 --- [XNIO-1 I/O-6] lavalink.server.io.SocketServer          : {"op": "configureResuming", "key": "default-node", "timeout": 60}
2021-05-19 20:36:10.867  INFO 22064 --- [XNIO-1 task-2] l.server.player.AudioLoaderRestHandler   : Got request to load for identifier "ytsearch:lofi"
2021-05-19 20:36:11.152  INFO 22064 --- [XNIO-1 I/O-6] lavalink.server.io.SocketServer          : {"op": "voiceUpdate", "guildId": "761023801755959348", "sessionId": "7f860fd270f0fde75aa545d1c1fc66fe", "event": {"token": "5a47f8741aeb20fc", "guild_id": "761023801755959348", "endpoint": "us-east3268.discord.media:443"}}
2021-05-19 20:36:11.771  INFO 22064 --- [lava-daemon-pool-info-loader-2-thread-1] lavalink.server.player.AudioLoader       : Loaded playlist Search results for: lofi
2021-05-19 20:36:11.918  INFO 22064 --- [XNIO-1 I/O-6] lavalink.server.io.SocketServer          : {"op": "play", "guildId": "761023801755959348", "track": "QAAApwIARExvYWZ5IEJ1aWxkaW5nIC0gSGlnaCBGbHlpbmcg7aC97bWK77iPIFtsb2ZpIGhpcCBob3AvcmVsYXhpbmcgYmVhdHNdAAlMb2ZpIEdpcmwAAAAAAA8LkAALdWhmczNjZVotSG8AAQAraHR0cHM6Ly93d3cueW91dHViZS5jb20vd2F0Y2g/dj11aGZzM2NlWi1IbwAHeW91dHViZQAAAAAAAAAA", "startTime": 0, "endTime": 0, "noReplace": false}
2021-05-19 20:36:26.253  INFO 22064 --- [XNIO-1 task-4] l.server.player.AudioLoaderRestHandler   : Got request to load for identifier "ytsearch:coffin dance"
2021-05-19 20:36:26.883  INFO 22064 --- [lava-daemon-pool-info-loader-2-thread-1] lavalink.server.player.AudioLoader       : No matches found
2021-05-19 20:36:33.155  INFO 22064 --- [XNIO-1 I/O-6] lavalink.server.io.SocketServer          : {"op": "stop", "guildId": "761023801755959348"}
2021-05-19 20:36:41.739  INFO 22064 --- [XNIO-1 task-6] l.server.player.AudioLoaderRestHandler   : Got request to load for identifier "ytsearch:coffin dance"
2021-05-19 20:36:41.993  INFO 22064 --- [XNIO-1 I/O-6] lavalink.server.io.SocketServer          : {"op": "voiceUpdate", "guildId": "761023801755959348", "sessionId": "7f860fd270f0fde75aa545d1c1fc66fe", "event": {"token": "87f29ad868c9c75a", "guild_id": "761023801755959348", "endpoint": "us-east3268.discord.media:443"}}
2021-05-19 20:36:42.244  INFO 22064 --- [lava-daemon-pool-info-loader-2-thread-1] lavalink.server.player.AudioLoader       : Loaded playlist Search results for: coffin dance
2021-05-19 20:36:42.388  INFO 22064 --- [XNIO-1 I/O-6] lavalink.server.io.SocketServer          : {"op": "play", "guildId": "761023801755959348", "track": "QAAAiAIAJkNvZmZpbiBEYW5jZSAoT2ZmaWNpYWwgTXVzaWMgVmlkZW8gSEQpAAhEaWdpTmVrbwAAAAAAAmFgAAtqOVY3OFViZHpXSQABACtodHRwczovL3d3dy55b3V0dWJlLmNvbS93YXRjaD92PWo5Vjc4VWJkeldJAAd5b3V0dWJlAAAAAAAAAAA=", "startTime": 0, "endTime": 0, "noReplace": false}
2021-05-19 20:36:47.478  INFO 22064 --- [XNIO-1 I/O-6] lavalink.server.io.SocketServer          : {"op": "voiceUpdate", "guildId": "761023801755959348", "sessionId": "7f860fd270f0fde75aa545d1c1fc66fe", "event": {"token": "87f29ad868c9c75a", "guild_id": "761023801755959348", "endpoint": "us-east3268.discord.media:443"}}
2021-05-19 20:36:47.582  INFO 22064 --- [XNIO-1 I/O-6] lavalink.server.io.SocketServer          : {"op": "voiceUpdate", "guildId": "761023801755959348", "sessionId": "7f860fd270f0fde75aa545d1c1fc66fe", "event": {"token": "87f29ad868c9c75a", "guild_id": "761023801755959348", "endpoint": "us-east2681.discord.media:443"}}
2021-05-19 20:36:51.343  INFO 22064 --- [XNIO-1 I/O-6] lavalink.server.io.SocketServer          : {"op": "voiceUpdate", "guildId": "761023801755959348", "sessionId": "7f860fd270f0fde75aa545d1c1fc66fe", "event": {"token": "87f29ad868c9c75a", "guild_id": "761023801755959348", "endpoint": "us-east2681.discord.media:443"}}
2021-05-19 20:36:51.427  INFO 22064 --- [XNIO-1 I/O-6] lavalink.server.io.SocketServer          : {"op": "voiceUpdate", "guildId": "761023801755959348", "sessionId": "7f860fd270f0fde75aa545d1c1fc66fe", "event": {"token": "87f29ad868c9c75a", "guild_id": "761023801755959348", "endpoint": "us-east8999.discord.media:443"}}
2021-05-19 20:36:58.562  INFO 22064 --- [XNIO-1 task-8] l.server.player.AudioLoaderRestHandler   : Got request to load for identifier "ytsearch:coffin dance"
2021-05-19 20:36:59.208  INFO 22064 --- [lava-daemon-pool-info-loader-2-thread-1] lavalink.server.player.AudioLoader       : Loaded playlist Search results for: coffin dance
2021-05-19 20:37:05.652  INFO 22064 --- [XNIO-1 I/O-6] lavalink.server.io.SocketServer          : {"op": "stop", "guildId": "761023801755959348"}
2021-05-19 20:37:09.357  INFO 22064 --- [XNIO-1 task-10] l.server.player.AudioLoaderRestHandler   : Got request to load for identifier "ytsearch:the spectre"
2021-05-19 20:37:09.582  INFO 22064 --- [XNIO-1 I/O-6] lavalink.server.io.SocketServer          : {"op": "voiceUpdate", "guildId": "761023801755959348", "sessionId": "7f860fd270f0fde75aa545d1c1fc66fe", "event": {"token": "7072abc699220623", "guild_id": "761023801755959348", "endpoint": "us-east8999.discord.media:443"}}
2021-05-19 20:37:09.864  INFO 22064 --- [lava-daemon-pool-info-loader-2-thread-1] lavalink.server.player.AudioLoader       : Loaded playlist Search results for: the spectre
2021-05-19 20:37:10.099  INFO 22064 --- [XNIO-1 I/O-6] lavalink.server.io.SocketServer          : {"op": "play", "guildId": "761023801755959348", "track": "QAAAfgIAGUFsYW4gV2Fsa2VyIC0gVGhlIFNwZWN0cmUAC0FsYW4gV2Fsa2VyAAAAAAADKJgAC3dKbkJUUFVRUzVBAAEAK2h0dHBzOi8vd3d3LnlvdXR1YmUuY29tL3dhdGNoP3Y9d0puQlRQVVFTNUEAB3lvdXR1YmUAAAAAAAAAAA==", "startTime": 0, "endTime": 0, "noReplace": false}
2021-05-19 20:38:55.811  INFO 22064 --- [XNIO-1 I/O-6] lavalink.server.io.SocketServer          : {"op": "stop", "guildId": "761023801755959348"}
2021-05-19 20:38:58.905  INFO 22064 --- [XNIO-1 task-12] l.server.player.AudioLoaderRestHandler   : Got request to load for identifier "https://github.com/bossbadi/botbadi_resources/blob/master/music/Alesso%20-%20Heroes%20(we%20could%20be)%20(ft.%20Tove%20Lo).mp3?raw=true"
2021-05-19 20:38:59.141  INFO 22064 --- [XNIO-1 I/O-6] lavalink.server.io.SocketServer          : {"op": "voiceUpdate", "guildId": "761023801755959348", "sessionId": "7f860fd270f0fde75aa545d1c1fc66fe", "event": {"token": "6357d118ee20e0fc", "guild_id": "761023801755959348", "endpoint": "us-east8999.discord.media:443"}}
2021-05-19 20:38:59.486  INFO 22064 --- [lava-daemon-pool-info-loader-2-thread-1] c.s.l.c.natives.NativeLibraryLoader      : Native library libmpg123-0: loading with filter com.sedmelluq.discord.lavaplayer.natives.ConnectorNativeLibLoader$$Lambda$575/0x0000000801220ee0@3b95fc71
2021-05-19 20:38:59.493  INFO 22064 --- [lava-daemon-pool-info-loader-2-thread-1] c.s.l.c.natives.NativeLibraryLoader      : Native library libmpg123-0: successfully loaded.
2021-05-19 20:38:59.493  INFO 22064 --- [lava-daemon-pool-info-loader-2-thread-1] c.s.l.c.natives.NativeLibraryLoader      : Native library connector: loading with filter null
2021-05-19 20:38:59.511  INFO 22064 --- [lava-daemon-pool-info-loader-2-thread-1] c.s.l.c.natives.NativeLibraryLoader      : Native library connector: successfully loaded.
2021-05-19 20:38:59.513  INFO 22064 --- [lava-daemon-pool-info-loader-2-thread-1] lavalink.server.player.AudioLoader       : Loaded track Unknown title
2021-05-19 20:38:59.655  INFO 22064 --- [XNIO-1 I/O-6] lavalink.server.io.SocketServer          : {"op": "play", "guildId": "761023801755959348", "track": "QAABUwIADVVua25vd24gdGl0bGUADlVua25vd24gYXJ0aXN0AAAAAAAEfS8AiWh0dHBzOi8vcmF3LmdpdGh1YnVzZXJjb250ZW50LmNvbS9ib3NzYmFkaS9ib3RiYWRpX3Jlc291cmNlcy9tYXN0ZXIvbXVzaWMvQWxlc3NvJTIwLSUyMEhlcm9lcyUyMCh3ZSUyMGNvdWxkJTIwYmUpJTIwKGZ0LiUyMFRvdmUlMjBMbykubXAzAAEAiWh0dHBzOi8vcmF3LmdpdGh1YnVzZXJjb250ZW50LmNvbS9ib3NzYmFkaS9ib3RiYWRpX3Jlc291cmNlcy9tYXN0ZXIvbXVzaWMvQWxlc3NvJTIwLSUyMEhlcm9lcyUyMCh3ZSUyMGNvdWxkJTIwYmUpJTIwKGZ0LiUyMFRvdmUlMjBMbykubXAzAARodHRwAANtcDMAAAAAAAAAAA==", "startTime": 0, "endTime": 0, "noReplace": false}
2021-05-19 20:41:10.809  INFO 22064 --- [XNIO-1 task-14] l.server.player.AudioLoaderRestHandler   : Got request to load for identifier "https://github.com/bossbadi/botbadi_resources/blob/master/music/TheFatRat%20-%20Monody%20(ft.%20Laura%20Brehm).mp3?raw=true"
2021-05-19 20:41:11.330  INFO 22064 --- [lava-daemon-pool-info-loader-2-thread-1] lavalink.server.player.AudioLoader       : Loaded track Unknown title
2021-05-19 20:43:53.824  INFO 22064 --- [XNIO-1 I/O-6] lavalink.server.io.SocketServer          : {"op": "play", "guildId": "761023801755959348", "track": "QAABOQIADVVua25vd24gdGl0bGUADlVua25vd24gYXJ0aXN0AAAAAAAEcPAAfGh0dHBzOi8vcmF3LmdpdGh1YnVzZXJjb250ZW50LmNvbS9ib3NzYmFkaS9ib3RiYWRpX3Jlc291cmNlcy9tYXN0ZXIvbXVzaWMvVGhlRmF0UmF0JTIwLSUyME1vbm9keSUyMChmdC4lMjBMYXVyYSUyMEJyZWhtKS5tcDMAAQB8aHR0cHM6Ly9yYXcuZ2l0aHVidXNlcmNvbnRlbnQuY29tL2Jvc3NiYWRpL2JvdGJhZGlfcmVzb3VyY2VzL21hc3Rlci9tdXNpYy9UaGVGYXRSYXQlMjAtJTIwTW9ub2R5JTIwKGZ0LiUyMExhdXJhJTIwQnJlaG0pLm1wMwAEaHR0cAADbXAzAAAAAAAAAAA=", "startTime": 0, "endTime": 0, "noReplace": false}
2021-05-19 20:47:29.378  INFO 22064 --- [XNIO-1 task-16] l.server.player.AudioLoaderRestHandler   : Got request to load for identifier "ytsearch:sonic blaster"
2021-05-19 20:47:29.856  INFO 22064 --- [lava-daemon-pool-info-loader-2-thread-1] lavalink.server.player.AudioLoader       : Loaded playlist Search results for: sonic blaster
2021-05-19 20:48:44.820  INFO 22064 --- [XNIO-1 I/O-6] lavalink.server.io.SocketServer          : {"op": "play", "guildId": "761023801755959348", "track": "QAAApAIAQ0YtNzc3IC0gU29uaWMgQmxhc3RlciAoNHRoIHRyYWNrIGZyb20gIkxldCdzIEZyZWFraW5nIFBhcnR5IiBhbGJ1bSkAB2RibTQ3OTQAAAAAAALK2AALSXZZRC1ITEFsOEUAAQAraHR0cHM6Ly93d3cueW91dHViZS5jb20vd2F0Y2g/dj1JdllELUhMQWw4RQAHeW91dHViZQAAAAAAAAAA", "startTime": 0, "endTime": 0, "noReplace": false}
2021-05-19 20:50:36.000  INFO 22064 --- [XNIO-1 task-18] l.server.player.AudioLoaderRestHandler   : Got request to load for identifier "ytsearch:BLACKPINK - AS IF IT'S YOUR LAST"
2021-05-19 20:50:36.551  INFO 22064 --- [lava-daemon-pool-info-loader-2-thread-1] lavalink.server.player.AudioLoader       : Loaded playlist Search results for: BLACKPINK - AS IF IT'S YOUR LAST
2021-05-19 20:51:47.871  INFO 22064 --- [XNIO-1 I/O-6] lavalink.server.io.SocketServer          : {"op": "play", "guildId": "761023801755959348", "track": "QAAAmwIAOEJMQUNLUElOSyAtICfrp4jsp4Drp4nsspjrn7wgKEFTIElGIElUJ1MgWU9VUiBMQVNUKScgTS9WAAlCTEFDS1BJTksAAAAAAANPqAALQW1xLXFscWJqWUEAAQAraHR0cHM6Ly93d3cueW91dHViZS5jb20vd2F0Y2g/dj1BbXEtcWxxYmpZQQAHeW91dHViZQAAAAAAAAAA", "startTime": 0, "endTime": 0, "noReplace": false}
2021-05-19 20:53:43.908  INFO 22064 --- [Thread-1] o.s.s.concurrent.ThreadPoolTaskExecutor  : Shutting down ExecutorService 'applicationTaskExecutor'
2021-05-19 20:53:43.909  INFO 22064 --- [Thread-1] c.s.d.l.tools.GarbageCollectionMonitor   : GC monitoring disabled.
2021-05-19 20:53:43.913  WARN 22064 --- [lava-daemon-pool-playback-1-thread-1] c.s.d.l.t.p.LocalAudioTrackExecutor      : Suspicious exception for playback of Amq-qlqbjYA

com.sedmelluq.discord.lavaplayer.tools.FriendlyException: The track was unexpectedly terminated.
	at com.sedmelluq.discord.lavaplayer.track.playback.LocalAudioTrackExecutor.handlePlaybackInterrupt(LocalAudioTrackExecutor.java:347) ~[lavaplayer-1.3.76.jar!/:na]
	at com.sedmelluq.discord.lavaplayer.track.playback.LocalAudioTrackExecutor.executeProcessingLoop(LocalAudioTrackExecutor.java:291) ~[lavaplayer-1.3.76.jar!/:na]
	at com.sedmelluq.discord.lavaplayer.track.playback.LocalAudioTrackExecutor.executeProcessingLoop(LocalAudioTrackExecutor.java:249) ~[lavaplayer-1.3.76.jar!/:na]
	at com.sedmelluq.discord.lavaplayer.container.matroska.MatroskaAudioTrack.process(MatroskaAudioTrack.java:38) ~[lavaplayer-1.3.76.jar!/:na]
	at com.sedmelluq.discord.lavaplayer.track.DelegatedAudioTrack.processDelegate(DelegatedAudioTrack.java:25) ~[lavaplayer-1.3.76.jar!/:na]
	at com.sedmelluq.discord.lavaplayer.source.youtube.YoutubeAudioTrack.processStatic(YoutubeAudioTrack.java:57) ~[lavaplayer-1.3.76.jar!/:na]
	at com.sedmelluq.discord.lavaplayer.source.youtube.YoutubeAudioTrack.process(YoutubeAudioTrack.java:49) ~[lavaplayer-1.3.76.jar!/:na]
	at com.sedmelluq.discord.lavaplayer.track.playback.LocalAudioTrackExecutor.execute(LocalAudioTrackExecutor.java:104) ~[lavaplayer-1.3.76.jar!/:na]
	at com.sedmelluq.discord.lavaplayer.player.DefaultAudioPlayerManager.lambda$executeTrack$1(DefaultAudioPlayerManager.java:348) ~[lavaplayer-1.3.76.jar!/:na]
	at java.base/java.util.concurrent.ThreadPoolExecutor.runWorker(ThreadPoolExecutor.java:1130) ~[na:na]
	at java.base/java.util.concurrent.ThreadPoolExecutor$Worker.run(ThreadPoolExecutor.java:630) ~[na:na]
	at java.base/java.lang.Thread.run(Thread.java:832) ~[na:na]
	Suppressed: com.sedmelluq.discord.lavaplayer.tools.exception.EnvironmentInformation: 
  lavaplayer.version: 1.3.76
  os.arch: amd64
  os.name: Windows 10
  os.version: 10.0
  java.vendor: Oracle Corporation
  java.version: 15.0.2
  java.runtime.version: 15.0.2+7-27
  java.vm.version: 15.0.2+7-27
Caused by: java.lang.InterruptedException: null
	at java.base/java.util.concurrent.locks.AbstractQueuedSynchronizer$ConditionObject.await(AbstractQueuedSynchronizer.java:1627) ~[na:na]
	at java.base/java.util.concurrent.ArrayBlockingQueue.put(ArrayBlockingQueue.java:370) ~[na:na]
	at com.sedmelluq.discord.lavaplayer.track.playback.AllocatingAudioFrameBuffer.consume(AllocatingAudioFrameBuffer.java:178) ~[lavaplayer-1.3.76.jar!/:na]
	at com.sedmelluq.discord.lavaplayer.container.common.OpusPacketRouter.passThrough(OpusPacketRouter.java:168) ~[lavaplayer-1.3.76.jar!/:na]
	at com.sedmelluq.discord.lavaplayer.container.common.OpusPacketRouter.process(OpusPacketRouter.java:98) ~[lavaplayer-1.3.76.jar!/:na]
	at com.sedmelluq.discord.lavaplayer.container.matroska.MatroskaOpusTrackConsumer.consume(MatroskaOpusTrackConsumer.java:46) ~[lavaplayer-1.3.76.jar!/:na]
	at com.sedmelluq.discord.lavaplayer.container.matroska.MatroskaStreamingFile.processFrameInBlock(MatroskaStreamingFile.java:371) ~[lavaplayer-1.3.76.jar!/:na]
	at com.sedmelluq.discord.lavaplayer.container.matroska.MatroskaStreamingFile.parseClusterSimpleBlock(MatroskaStreamingFile.java:335) ~[lavaplayer-1.3.76.jar!/:na]
	at com.sedmelluq.discord.lavaplayer.container.matroska.MatroskaStreamingFile.parseNextCluster(MatroskaStreamingFile.java:320) ~[lavaplayer-1.3.76.jar!/:na]
	at com.sedmelluq.discord.lavaplayer.container.matroska.MatroskaStreamingFile.provideFrames(MatroskaStreamingFile.java:296) ~[lavaplayer-1.3.76.jar!/:na]
	at com.sedmelluq.discord.lavaplayer.container.matroska.MatroskaAudioTrack.lambda$process$0(MatroskaAudioTrack.java:39) ~[lavaplayer-1.3.76.jar!/:na]
	at com.sedmelluq.discord.lavaplayer.track.playback.LocalAudioTrackExecutor.executeProcessingLoop(LocalAudioTrackExecutor.java:275) ~[lavaplayer-1.3.76.jar!/:na]
	... 10 common frames omitted

2021-05-19 20:53:43.915  INFO 22064 --- [XNIO-1 I/O-6] lavalink.server.io.SocketServer          : {"op": "stop", "guildId": "761023801755959348"}
2021-05-19 20:53:43.915  INFO 22064 --- [Thread-1] io.undertow.servlet                      : Destroying Spring FrameworkServlet 'dispatcherServlet'
2021-05-19 20:53:43.917 ERROR 22064 --- [XNIO-1 I/O-6] org.xnio.listener                        : XNIO001007: A channel event listener threw an exception

java.util.concurrent.RejectedExecutionException: XNIO007007: Thread is terminating
	at org.xnio.nio.WorkerThread.execute(WorkerThread.java:590) ~[xnio-nio-3.3.8.Final.jar!/:3.3.8.Final]
	at io.undertow.websockets.jsr.UndertowSession$3.handleEvent(UndertowSession.java:396) ~[undertow-websockets-jsr-2.0.26.Final.jar!/:2.0.26.Final]
	at io.undertow.websockets.jsr.UndertowSession$3.handleEvent(UndertowSession.java:388) ~[undertow-websockets-jsr-2.0.26.Final.jar!/:2.0.26.Final]
	at org.xnio.ChannelListeners.invokeChannelListener(ChannelListeners.java:92) ~[xnio-api-3.3.8.Final.jar!/:3.3.8.Final]
	at io.undertow.server.protocol.framed.AbstractFramedChannel$FrameCloseListener.handleEvent(AbstractFramedChannel.java:1063) ~[undertow-core-2.0.26.Final.jar!/:2.0.26.Final]
	at io.undertow.server.protocol.framed.AbstractFramedChannel$FrameCloseListener.handleEvent(AbstractFramedChannel.java:978) ~[undertow-core-2.0.26.Final.jar!/:2.0.26.Final]
	at org.xnio.ChannelListeners.invokeChannelListener(ChannelListeners.java:92) ~[xnio-api-3.3.8.Final.jar!/:3.3.8.Final]
	at org.xnio.conduits.WriteReadyHandler$ChannelListenerHandler.terminated(WriteReadyHandler.java:70) ~[xnio-api-3.3.8.Final.jar!/:3.3.8.Final]
	at org.xnio.nio.NioSocketConduit.writeTerminated(NioSocketConduit.java:234) ~[xnio-nio-3.3.8.Final.jar!/:3.3.8.Final]
	at org.xnio.nio.NioSocketConduit.terminateWrites(NioSocketConduit.java:223) ~[xnio-nio-3.3.8.Final.jar!/:3.3.8.Final]
	at org.xnio.nio.NioSocketConduit.truncateWrites(NioSocketConduit.java:228) ~[xnio-nio-3.3.8.Final.jar!/:3.3.8.Final]
	at io.undertow.conduits.IdleTimeoutConduit.truncateWrites(IdleTimeoutConduit.java:387) ~[undertow-core-2.0.26.Final.jar!/:2.0.26.Final]
	at org.xnio.conduits.ConduitStreamSinkChannel.close(ConduitStreamSinkChannel.java:186) ~[xnio-api-3.3.8.Final.jar!/:3.3.8.Final]
	at org.xnio.IoUtils.safeClose(IoUtils.java:134) ~[xnio-api-3.3.8.Final.jar!/:3.3.8.Final]
	at org.xnio.conduits.WriteReadyHandler$ChannelListenerHandler.forceTermination(WriteReadyHandler.java:57) ~[xnio-api-3.3.8.Final.jar!/:3.3.8.Final]
	at org.xnio.nio.NioSocketConduit.forceTermination(NioSocketConduit.java:107) ~[xnio-nio-3.3.8.Final.jar!/:3.3.8.Final]
	at org.xnio.nio.WorkerThread.run(WorkerThread.java:494) ~[xnio-nio-3.3.8.Final.jar!/:3.3.8.Final]

